<?xml version="1.0" encoding="UTF-8"?>
<testng-results skipped="0" failed="0" ignored="0" total="1" passed="1">
  <reporter-output>
  </reporter-output>
  <suite name="Suite" duration-ms="12618" started-at="2020-09-09T04:12:18Z" finished-at="2020-09-09T04:12:30Z">
    <groups>
    </groups>
    <test name="Test" duration-ms="12618" started-at="2020-09-09T04:12:18Z" finished-at="2020-09-09T04:12:30Z">
      <class name="com.actiTime.scripts.DemoA">
        <test-method status="PASS" signature="testBrowser()[pri:0, instance:com.actiTime.scripts.DemoA@3551a94]" name="testBrowser" duration-ms="12562" started-at="2020-09-09T04:12:18Z" finished-at="2020-09-09T04:12:30Z">
          <reporter-output>
          </reporter-output>
        </test-method> <!-- testBrowser -->
      </class> <!-- com.actiTime.scripts.DemoA -->
    </test> <!-- Test -->
  </suite> <!-- Suite -->
</testng-results>
